<?xml version="1.0" encoding="UTF-8" ?>
<testsuite errors="1" failures="0" hostname="h70-33-70-162.paws.uga.edu" name="edu.uga.cs1302.mp3files.LinkedListTest" tests="26" time="56.703" timestamp="2010-07-15T20:17:14">
  <properties>
[...]
</properties>
  <testcase classname="edu.uga.cs1302.mp3files.LinkedListTest" name="testInstantiate" time="0.014" />
  <testcase classname="edu.uga.cs1302.mp3files.LinkedListTest" name="testAddToEmptyList" time="0.0" />
  <testcase classname="edu.uga.cs1302.mp3files.LinkedListTest" name="testAddAtHead" time="0.0" />
  <testcase classname="edu.uga.cs1302.mp3files.LinkedListTest" name="testAddAtTailIndexed" time="0.0010" />
  <testcase classname="edu.uga.cs1302.mp3files.LinkedListTest" name="testAddAtTail" time="0.0010" />
  <testcase classname="edu.uga.cs1302.mp3files.LinkedListTest" name="testAddAtTail2" time="0.0" />
  <testcase classname="edu.uga.cs1302.mp3files.LinkedListTest" name="testSet" time="0.0" />
  <testcase classname="edu.uga.cs1302.mp3files.LinkedListTest" name="testSet2" time="0.0010" />
  <testcase classname="edu.uga.cs1302.mp3files.LinkedListTest" name="testSetFail" time="0.0" />
  <testcase classname="edu.uga.cs1302.mp3files.LinkedListTest" name="testSetFail2" time="0.0" />
  <testcase classname="edu.uga.cs1302.mp3files.LinkedListTest" name="testAddAll" time="0.0" />
  <testcase classname="edu.uga.cs1302.mp3files.LinkedListTest" name="testRemoveUniqueElement" time="0.0" />
  <testcase classname="edu.uga.cs1302.mp3files.LinkedListTest" name="testRemoveHead" time="0.0" />
  <testcase classname="edu.uga.cs1302.mp3files.LinkedListTest" name="testRemoveHead2" time="0.0" />
  <testcase classname="edu.uga.cs1302.mp3files.LinkedListTest" name="testRemoveTail" time="0.0010" />
  <testcase classname="edu.uga.cs1302.mp3files.LinkedListTest" name="testRemove" time="0.0" />
  <testcase classname="edu.uga.cs1302.mp3files.LinkedListTest" name="testClearWithIteratorForward" time="0.0" />
  <testcase classname="edu.uga.cs1302.mp3files.LinkedListTest" name="testClearWithIteratorBackward" time="0.0" />
  <testcase classname="edu.uga.cs1302.mp3files.LinkedListTest" name="testRemoveWithIteratorPrevious" time="0.0" />
  <testcase classname="edu.uga.cs1302.mp3files.LinkedListTest" name="testRemoveWithIteratorNext" time="0.0" />
  <testcase classname="edu.uga.cs1302.mp3files.LinkedListTest" name="testAddWithIterator" time="0.0" />
  <testcase classname="edu.uga.cs1302.mp3files.LinkedListTest" name="testConcurrentModification" time="0.0" />
  <testcase classname="edu.uga.cs1302.mp3files.LinkedListTest" name="testRemoveFail" time="54.249">
    <error type="java.lang.NullPointerException">java.lang.NullPointerException
	at edu.uga.cs1302.mp3files.LinkedListTest.testRemoveFail(LinkedListTest.java:284)
</error>
  </testcase>
  <testcase classname="edu.uga.cs1302.mp3files.LinkedListTest" name="testClear" time="0.0" />
  <testcase classname="edu.uga.cs1302.mp3files.LinkedListTest" name="testSize" time="0.0" />
  <testcase classname="edu.uga.cs1302.mp3files.LinkedListTest" name="testIndexOfNull" time="0.0" />
  <system-out><![CDATA[]]></system-out>
  <system-err><![CDATA[]]></system-err>
</testsuite>
