<?xml version="1.0" encoding="UTF-8" ?>
<testsuite errors="1" failures="0" hostname="h70-33-71-106.paws.uga.edu" name="edu.uga.cs1302.mp3files.LinkedListTester" tests="1" time="0.0" timestamp="2010-07-13T16:57:24">
  <properties>
[...]
</properties>
  <error type="java.lang.ExceptionInInitializerError">java.lang.ExceptionInInitializerError
	at java.lang.Class.forName0(Native Method)
	at java.lang.Class.forName(Class.java:164)
Caused by: java.lang.RuntimeException: Uncompilable source code - package org.junit does not exist
	at edu.uga.cs1302.mp3files.LinkedListTester.&lt;clinit&gt;(LinkedListTester.java:5)
</error>
  <system-out><![CDATA[]]></system-out>
  <system-err><![CDATA[]]></system-err>
</testsuite>
